[debug] [2023-10-14T11:51:59.917Z] ----------------------------------------------------------------------
[debug] [2023-10-14T11:51:59.918Z] Command:       /home/abdelrahman/.nvm/versions/node/v20.8.0/bin/node /home/abdelrahman/.nvm/versions/node/v20.8.0/bin/firebase init hosting
[debug] [2023-10-14T11:51:59.918Z] CLI Version:   12.6.2
[debug] [2023-10-14T11:51:59.919Z] Platform:      linux
[debug] [2023-10-14T11:51:59.919Z] Node Version:  v20.8.0
[debug] [2023-10-14T11:51:59.919Z] Time:          Sat Oct 14 2023 14:51:59 GMT+0300 (Eastern European Summer Time)
[debug] [2023-10-14T11:51:59.919Z] ----------------------------------------------------------------------
[debug] 
[debug] [2023-10-14T11:51:59.951Z] > command requires scopes: ["email","openid","https://www.googleapis.com/auth/cloudplatformprojects.readonly","https://www.googleapis.com/auth/firebase","https://www.googleapis.com/auth/cloud-platform"]
[debug] [2023-10-14T11:51:59.951Z] > authorizing via signed-in user (body110836@gmail.com)
[info] 
     ######## #### ########  ######## ########     ###     ######  ########
     ##        ##  ##     ## ##       ##     ##  ##   ##  ##       ##
     ######    ##  ########  ######   ########  #########  ######  ######
     ##        ##  ##    ##  ##       ##     ## ##     ##       ## ##
     ##       #### ##     ## ######## ########  ##     ##  ######  ########

You're about to initialize a Firebase project in this directory:

  /home/abdelrahman/Desktop/final_project/Java_renderning

Before we get started, keep in mind:

  * You are initializing within an existing Firebase project directory

[info] 
=== Project Setup
[info] 
[info] First, let's associate this project directory with a Firebase project.
[info] You can create multiple project aliases by running firebase use --add, 
[info] but for now we'll just set up a default project.
[info] 
[debug] [2023-10-14T11:51:59.953Z] Using project from CLI flag: nextpage-b8d10
[debug] [2023-10-14T11:51:59.954Z] > refreshing access token with scopes: []
[debug] [2023-10-14T11:51:59.955Z] >>> [apiv2][query] POST https://www.googleapis.com/oauth2/v3/token [none]
[debug] [2023-10-14T11:51:59.955Z] >>> [apiv2][body] POST https://www.googleapis.com/oauth2/v3/token [omitted]
[debug] [2023-10-14T11:52:00.306Z] <<< [apiv2][status] POST https://www.googleapis.com/oauth2/v3/token 200
[debug] [2023-10-14T11:52:00.306Z] <<< [apiv2][body] POST https://www.googleapis.com/oauth2/v3/token [omitted]
[debug] [2023-10-14T11:52:00.311Z] >>> [apiv2][query] GET https://firebase.googleapis.com/v1beta1/projects/nextpage-b8d10 [none]
[debug] [2023-10-14T11:52:00.806Z] <<< [apiv2][status] GET https://firebase.googleapis.com/v1beta1/projects/nextpage-b8d10 200
[debug] [2023-10-14T11:52:00.806Z] <<< [apiv2][body] GET https://firebase.googleapis.com/v1beta1/projects/nextpage-b8d10 {"projectId":"nextpage-b8d10","projectNumber":"683648768463","displayName":"Nextpage","name":"projects/nextpage-b8d10","resources":{"hostingSite":"nextpage-b8d10","realtimeDatabaseInstance":"nextpage-b8d10-default-rtdb"},"state":"ACTIVE","etag":"1_34e82244-9cdf-40d8-82e9-3eab35e3f11f"}
[info] i  Using project nextpage-b8d10 (Nextpage) 
[info] 
=== Hosting Setup
[info] 
[info] Your public directory is the folder (relative to your project directory) that
[info] will contain Hosting assets to be uploaded with firebase deploy. If you
[info] have a build process for your assets, use your build's output directory.
[info] 
